
Thu Mar 10 19:03:46 HSP 2022: 
test.c: In function 'suma':
test.c:250:5: error: 'main' is normally a non-static function [-Werror=main]
 int main( int argc, char *argv[] ) {
     ^~~~
test.c:272:1: error: expected declaration or statement at end of input
 }
 ^
At top level:
test.c:250:5: error: 'main' defined but not used [-Werror=unused-function]
 int main( int argc, char *argv[] ) {
     ^~~~
test.c:8:8: error: '_strdup' defined but not used [-Werror=unused-function]
 char * _strdup(const char * str) {
        ^~~~~~~
In file included from test.c:5:0:
exercises.c:20:5: error: 'sumaN' defined but not used [-Werror=unused-function]
 int sumaN(int a[], int N) {
     ^~~~~
cc1.exe: all warnings being treated as errors
Compilation failed
f7bae27
Fri Mar 11 18:13:38 HSP 2022: 
test.c: In function 'suma':
test.c:250:5: error: 'main' is normally a non-static function [-Werror=main]
 int main( int argc, char *argv[] ) {
     ^~~~
test.c:272:1: error: expected declaration or statement at end of input
 }
 ^
At top level:
test.c:250:5: error: 'main' defined but not used [-Werror=unused-function]
 int main( int argc, char *argv[] ) {
     ^~~~
test.c:8:8: error: '_strdup' defined but not used [-Werror=unused-function]
 char * _strdup(const char * str) {
        ^~~~~~~
In file included from test.c:5:0:
exercises.c:21:5: error: 'sumaN' defined but not used [-Werror=unused-function]
 int sumaN(int a[], int N) {
     ^~~~~
cc1.exe: all warnings being treated as errors
Compilation failed
ec60636
Fri Mar 11 18:14:03 HSP 2022: 
test.c: In function 'suma':
test.c:250:5: error: 'main' is normally a non-static function [-Werror=main]
 int main( int argc, char *argv[] ) {
     ^~~~
test.c:272:1: error: expected declaration or statement at end of input
 }
 ^
At top level:
test.c:250:5: error: 'main' defined but not used [-Werror=unused-function]
 int main( int argc, char *argv[] ) {
     ^~~~
test.c:8:8: error: '_strdup' defined but not used [-Werror=unused-function]
 char * _strdup(const char * str) {
        ^~~~~~~
In file included from test.c:5:0:
exercises.c:21:5: error: 'sumaN' defined but not used [-Werror=unused-function]
 int sumaN(int a[], int N) {
     ^~~~~
cc1.exe: all warnings being treated as errors
Compilation failed
d97be3c
Fri Mar 11 18:21:15 HSP 2022: 
 exercises.c | 6 ++++--
 1 file changed, 4 insertions(+), 2 deletions(-)
In file included from test.c:5:0:
exercises.c: In function 'suma':
exercises.c:15:12: error: format '%d' expects argument of type 'int *', but argument 2 has type 'int' [-Werror=format=]
    scanf("%d%d", a, b);
            ^
exercises.c:15:14: error: format '%d' expects argument of type 'int *', but argument 3 has type 'int' [-Werror=format=]
    scanf("%d%d", a, b);
              ^
cc1.exe: all warnings being treated as errors
Compilation failed
d3e5fa8
